make all --print-data-base --no-builtin-variables --no-builtin-rules --question
# GNU Make 4.3
 
# Built for x86_64-pc-linux-gnu
 
# Copyright (C) 1988-2020 Free Software Foundation, Inc.
 
# License GPLv3+: GNU GPL version 3 or later <http://gnu.org/licenses/gpl.html>
 
# This is free software: you are free to change and redistribute it.
 
# There is NO WARRANTY, to the extent permitted by law.
 

 
# Make data base, printed on Tue Jan 25 00:04:36 2022
 

# Variables
 

 
# environment
 
GDK_BACKEND = x11
 
# environment
 
LC_ALL = C
 
# makefile (from 'Makefile', line 15)
DEB_NAME = numb
# environment
GJS_DEBUG_OUTPUT = stderr
# environment
VSCODE_IPC_HOOK_EXTHOST = /run/user/1000/vscode-ipc-61b0a939-b4cf-4610-8e5e-2c40e03808a1.sock
# environment
VSCODE_CWD = /home/ramo828
# environment
WINDOWPATH = 2
# makefile (from 'Makefile', line 3)
LIBS = -lm
# environment
LESS_TERMCAP_me = [0m
# environment
GDM_LANG = tr_TR.UTF-8
# default
MAKE_COMMAND := make
# environment
QT_ACCESSIBILITY = 1
# automatic
@D = $(patsubst %/,%,$(dir $@))
# makefile (from 'Makefile', line 7)
STPYFILE = statistic.py
# makefile (from 'Makefile', line 13)
FUNC = numb_func.o
# environment
VSCODE_HANDLES_UNCAUGHT_ERRORS = true
# default
.VARIABLES := 
# environment
PWD = /home/ramo828/Belgeler/project/numb
# automatic
%D = $(patsubst %/,%,$(dir $%))
# environment
XDG_DATA_DIRS = /usr/share/gnome:/usr/local/share/:/usr/share/
# environment
OLDPWD = /home/ramo828
# automatic
^D = $(patsubst %/,%,$(dir $^))
# environment
VSCODE_LOG_STACK = true
# automatic
%F = $(notdir $%)
# environment
CONDA_PROMPT_MODIFIER = (base) 
# environment
POWERSHELL_UPDATECHECK = Off
# environment
LANG = C
# makefile (from 'Makefile', line 16)
DEB_VERSION = 1.9.0
# environment
XAUTHORITY = /run/user/1000/gdm/Xauthority
# default
.LOADED := 
# environment
LESS_TERMCAP_md = [1;36m
# default
.INCLUDE_DIRS = /usr/local/include /usr/include /usr/include
# makefile
MAKEFLAGS = pqrR
# environment
LESS_TERMCAP_so = [01;33m
# makefile (from 'Makefile', line 11)
OUTBIN = numb.o
# makefile
CURDIR := /home/ramo828/Belgeler/project/numb
# makefile (from 'Makefile', line 18)
JAR = robo.jar
# environment
VSCODE_PIPE_LOGGING = true
# environment
APPLICATION_INSIGHTS_NO_DIAGNOSTIC_CHANNEL = true
# automatic
*D = $(patsubst %/,%,$(dir $*))
# environment
LESS_TERMCAP_ue = [0m
# environment
MFLAGS = -pqrR
# environment
SSH_AUTH_SOCK = /run/user/1000/keyring/ssh
# default
.SHELLFLAGS := -c
# automatic
+D = $(patsubst %/,%,$(dir $+))
# environment
VSCODE_CRASH_REPORTER_START_OPTIONS = {"companyName":"Microsoft","productName":"Code - OSS","submitURL":"","uploadToServer":false}
# environment
XDG_SESSION_DESKTOP = gnome
# makefile (from 'Makefile', line 1)
MAKEFILE_LIST := Makefile
# environment
CONDA_SHLVL = 1
# automatic
@F = $(notdir $@)
# environment
VSCODE_VERBOSE_LOGGING = true
# environment
VSCODE_PID = 14337
# environment
XDG_SESSION_TYPE = x11
# automatic
?D = $(patsubst %/,%,$(dir $?))
# environment
CONDA_PYTHON_EXE = /home/ramo828/anaconda3/bin/python
# environment
SESSION_MANAGER = local/ramo828:@/tmp/.ICE-unix/1699,unix/ramo828:/tmp/.ICE-unix/1699
# automatic
*F = $(notdir $*)
# environment
QT_QPA_PLATFORMTHEME = qt5ct
# environment
CHROME_DESKTOP = code-oss-url-handler.desktop
# environment
DBUS_SESSION_BUS_ADDRESS = unix:path=/run/user/1000/bus
# automatic
<D = $(patsubst %/,%,$(dir $<))
# environment
VSCODE_NLS_CONFIG = {"locale":"tr","availableLanguages":{},"_languagePackSupport":true}
# environment
BREAKPAD_DUMP_LOCATION = /home/ramo828/.config/Code - OSS/exthost Crash Reports
# default
MAKE_HOST := x86_64-pc-linux-gnu
# environment
GNOME_DESKTOP_SESSION_ID = this-is-deprecated
# environment
CONDA_PREFIX = /home/ramo828/anaconda3
# makefile
SHELL = /bin/sh
# environment
LESS_TERMCAP_us = [1;32m
# default
MAKECMDGOALS := all
# environment
XMODIFIERS = @im=ibus
# environment
GJS_DEBUG_TOPICS = JS ERROR;JS LOG
# environment
SHLVL = 0
# environment
MAKELEVEL := 0
# default
MAKE = $(MAKE_COMMAND)
# environment
PATH = /home/ramo828/anaconda3/bin:/home/ramo828/anaconda3/condabin:/usr/local/sbin:/usr/sbin:/sbin:/usr/local/bin:/usr/bin:/bin:/usr/local/games:/usr/games:/home/ramo828/.dotnet/tools
# environment
LESS_TERMCAP_se = [0m
# default
MAKEFILES := 
# automatic
^F = $(notdir $^)
# environment
COMMAND_NOT_FOUND_INSTALL_PROMPT = 1
# environment
LESS_TERMCAP_mb = [1;31m
# environment
VSCODE_LOG_NATIVE = false
# environment
USERNAME = ramo828
# makefile (from 'Makefile', line 6)
PYFILE = numb.py
# automatic
?F = $(notdir $?)
# makefile (from 'Makefile', line 5)
NAME = numb 
# environment
XDG_CURRENT_DESKTOP = GNOME
# environment
LS_COLORS = :ow=30;44:
# automatic
+F = $(notdir $+)
# environment
DESKTOP_SESSION = gnome
# environment
ORIGINAL_XDG_CURRENT_DESKTOP = GNOME
# 'override' directive
GNUMAKEFLAGS := 
# environment
CONDA_DEFAULT_ENV = base
# environment
LOGNAME = ramo828
# makefile (from 'Makefile', line 9)
PCBINPATH = /usr/local/bin
# environment
GIO_LAUNCHED_DESKTOP_FILE = /usr/share/applications/code-oss.desktop
# makefile
.DEFAULT_GOAL := all
# environment
SYSTEMD_EXEC_PID = 1637
# makefile (from 'Makefile', line 10)
DEB = numb_1.9.0
# environment
DISPLAY = :1
# environment
USER = ramo828
# environment
GTK_MODULES = gail:atk-bridge
# default
MAKE_VERSION := 4.3
# environment
GIO_LAUNCHED_DESKTOP_FILE_PID = 14337
# environment
SSH_AGENT_PID = 1758
# environment
VSCODE_NODE_CACHED_DATA_DIR = 
# environment
_ = /usr/lib/code-oss/code-oss
# environment
XDG_RUNTIME_DIR = /run/user/1000
# makefile (from 'Makefile', line 2)
CFLAGS = -O2 -Wall -pedantic -Wimplicit-function-declaration -I. -DANDROID -Wno-endif-labels
# environment
GPG_AGENT_INFO = /run/user/1000/gnupg/S.gpg-agent:0:1
# environment
_CE_M = 
# makefile (from 'Makefile', line 12)
CSOURCE = numb.c
# environment
POWERSHELL_TELEMETRY_OPTOUT = 1
# environment
XDG_SESSION_CLASS = user
# environment
VSCODE_AMD_ENTRYPOINT = vs/workbench/services/extensions/node/extensionHostProcess
# environment
HOME = /home/ramo828
# environment
QT_IM_MODULE = ibus
# makefile (from 'Makefile', line 8)
BINPATH = /data/data/com.termux/files/usr/bin/
# environment
_JAVA_OPTIONS = -Dawt.useSystemAAFontSettings=on -Dswing.aatext=true
# environment
ELECTRON_RUN_AS_NODE = 1
# environment
VSCODE_IPC_HOOK = /run/user/1000/vscode-6d53d1c6-1.56.1-main.sock
# environment
DOTNET_CLI_TELEMETRY_OPTOUT = 1
# default
.RECIPEPREFIX := 
# automatic
<F = $(notdir $<)
# default
SUFFIXES := 
# environment
QT_AUTO_SCREEN_SCALE_FACTOR = 0
# default
.FEATURES := target-specific order-only second-expansion else-if shortest-stem undefine oneshell nocomment grouped-target extra-prereqs archives jobserver output-sync check-symlink load
# makefile (from 'Makefile', line 1)
CC = gcc
# environment
XDG_MENU_PREFIX = gnome-
# environment
CONDA_EXE = /home/ramo828/anaconda3/bin/conda
# environment
_CE_CONDA = 
# environment
GDMSESSION = gnome
# variable set hash-table stats:
# Load=131/1024=13%, Rehash=0, Collisions=16/169=9%

# Pattern-specific Variable Values

# No pattern-specific variable values.

# Directories

# . (device 2054, inode 14025445): 13 files, no impossibilities.

# 13 files, no impossibilities in 1 directories.

# Implicit Rules

# No implicit rules.

# Files

yukle: numb
#  Implicit rule search has not been done.
 
#  Modification time never checked.
 
#  File has not been updated.
#  recipe to execute (from 'Makefile', line 144):
	python setup.py build_ext --inplace
	mv $(NAME) $(BINPATH)
	mv $(PYFILE) $(BINPATH)
	# elAVE
	mv $(STPYFILE) $(BINPATH)
	cp -r build/lib.linux* $(BINPATH)
	cp -r build/temp.linux* $(BINPATH)
	cp -r pyx $(BINPATH)
	#rm * -rf
	clear

temizle:
#  Implicit rule search has not been done.
#  Modification time never checked.
#  File has not been updated.
#  recipe to execute (from 'Makefile', line 140):
	rm -f $(NAME) *.o
	rm -f MANIFEST.MF

numb: numb.o numb_func.o
#  Implicit rule search has not been done.
#  Modification time never checked.
#  File has not been updated.
#  recipe to execute (from 'Makefile', line 134):
	$(CC) $(CFLAGS) $(LIBS) -o $(NAME) $(OUTBIN) $(FUNC)

# Not a target:
numb_func.o:
#  Implicit rule search has not been done.
#  Modification time never checked.
#  File has not been updated.

andro_cmp_ins: author numb numb.o yukle android temizle
#  Implicit rule search has not been done.
#  Modification time never checked.
#  File has not been updated.

make-deb: author numb numb.o
#  Implicit rule search has not been done.
#  Modification time never checked.
#  File has not been updated.
#  recipe to execute (from 'Makefile', line 36):
	rm $(DEB) -rf
	mkdir $(DEB)
	@echo $(type)
	@echo PC
	mkdir -p $(DEB)$(PCBINPATH)
	@echo Yaradildi
	# setup.py yaradildi
	touch setup.py
	echo "#############################################################"
	echo "from setuptools import setup" >> setup.py
	echo "from Cython.Build import cythonize" >> setup.py
	echo "setup(" >> setup.py
	echo "    ext_modules = cythonize(\"pyx/bklib.pyx\")," >> setup.py
	echo "    compiler_directives={'language_level' : 3}" >> setup.py
	echo ")"  >> setup.py
	echo "setup(" >> setup.py
	echo "    ext_modules = cythonize(\"pyx/numb_lib.pyx\")," >> setup.py
	echo "    compiler_directives={'language_level' : 3}" >> setup.py
	echo ")"  >> setup.py
	echo "setup(" >> setup.py
	echo "    ext_modules = cythonize(\"pyx/statistic.pyx\")," >> setup.py
	echo "    compiler_directives={'language_level' : 3}" >> setup.py
	echo ")"  >> setup.py
	# numb.py yaradilir
	touch numb.py
	echo "#############################################################"
	echo "#RamoSoft" >> numb.py
	echo "import pyximport; pyximport.install()" >> numb.py
	echo "import pyx.bklib" >> numb.py
	python setup.py build_ext --inplace
	# Statistic mode
	touch statistic.py
	echo "#############################################################"
	echo "#RamoSoft" >> statistic.py
	echo "import pyximport; pyximport.install()" >> statistic.py
	echo "import pyx.statistic" >> statistic.py
	python setup.py build_ext --inplace
	###################################################################
	@echo PC
	mv $(NAME) $(DEB)$(PCBINPATH)
	mv $(PYFILE) $(DEB)$(PCBINPATH)
	mv $(STPYFILE) $(DEB)$(PCBINPATH)
	cp -r build/lib.linux* $(DEB)$(PCBINPATH)
	cp -r build/temp.linux* $(DEB)$(PCBINPATH)
	cp -r pyx $(DEB)$(PCBINPATH)
	# Java Bot
	javac extension/Robo.java extension/browser.java
	rm robo MANIFEST.MF -rf
	mkdir robo
	mv extension/*.class robo/
	echo "Manifest-Version: 1.0" >> MANIFEST.MF
	echo "Ant-Version: Apache Ant 1.10.8"  >> MANIFEST.MF
	echo "Created-By: 11.0.13+8-post-Debian-1 (Debian)"  >> MANIFEST.MF
	echo "Class-Path: "  >> MANIFEST.MF
	echo "X-COMMENT: Main-Class will be added automatically by build"  >> MANIFEST.MF
	echo "Main-Class: robo.Robo"  >> MANIFEST.MF
	jar cfm robo.jar MANIFEST.MF robo/*.class
	pwd
	mv $(JAR) $(DEB)$(PCBINPATH)
	mkdir $(DEB)/DEBIAN/
	touch $(DEB)/DEBIAN/control
	chmod -R 0755 $(DEB)
	echo "Package: $(DEB_NAME)" >> $(DEB)/DEBIAN/control
	echo "Version: $(DEB_VERSION)" >> $(DEB)/DEBIAN/control
	echo "Architecture: all" >> $(DEB)/DEBIAN/control
	echo "Maintainer: RamoSoft <illegalism666@gmail.com>" >> $(DEB)/DEBIAN/control
	echo "Description: Bakcell && Azercell Tools" >> $(DEB)/DEBIAN/control
	echo " Programin esas meqsedi nomre satisi zamani mumkun qeder vaxta qenaet etmekdir" >> $(DEB)/DEBIAN/control
	#umask 22
	dpkg-deb --build --root-owner-group $(DEB)
	rm -rf *cpython* build .config $(DEB) *.o setup.py pyx/*.c robo *.MF
	sleep 2
	clear

# Not a target:
Makefile:
#  Implicit rule search has been done.
#  Last modified 2022-01-22 23:11:24.625125674
#  File has been updated.
#  Successfully updated.

author:
#  Implicit rule search has not been done.
#  Implicit/static pattern stem: ''
#  File does not exist.
#  File has been updated.
#  Needs to be updated (-q is set).
# automatic
# @ := author
# automatic
# * := 
# automatic
# < := 
# automatic
# + := 
# automatic
# % := 
# automatic
# ^ := 
# automatic
# ? := 
# automatic
# | := 
# variable set hash-table stats:
# Load=8/32=25%, Rehash=0, Collisions=1/11=9%
#  recipe to execute (from 'Makefile', line 130):
	echo "Ramiz Mammadli";
	sleep 1;
	echo "Fayllar yüklənir...";

# Not a target:
numb.c:
#  Implicit rule search has not been done.
#  Modification time never checked.
#  File has not been updated.

# Not a target:
.DEFAULT:
#  Implicit rule search has not been done.
#  Modification time never checked.
#  File has not been updated.

android:
#  Implicit rule search has not been done.
#  Modification time never checked.
#  File has not been updated.
#  recipe to execute (from 'Makefile', line 31):
	$(MAKE) type=android make-deb

all: pc_cmp_ins
#  Command line target.
#  Implicit rule search has been done.
#  File does not exist.
#  File has been updated.
#  Needs to be updated (-q is set).
# variable set hash-table stats:
# Load=0/32=0%, Rehash=0, Collisions=0/3=0%

numb.o: numb.c
#  Implicit rule search has not been done.
#  Modification time never checked.
#  File has not been updated.
#  recipe to execute (from 'Makefile', line 137):
	$(CC) $(CFLAGS) -c $(CSOURCE)

pc:
#  Implicit rule search has not been done.
#  Modification time never checked.
#  File has not been updated.
#  recipe to execute (from 'Makefile', line 28):
	$(MAKE) type=PC make-deb

# Not a target:
.SUFFIXES:
#  Implicit rule search has not been done.
#  Modification time never checked.
#  File has not been updated.

pc_cmp_ins: author pc temizle
#  Implicit rule search has not been done.
#  File does not exist.
#  File has been updated.
#  Needs to be updated (-q is set).
# variable set hash-table stats:
# Load=0/32=0%, Rehash=0, Collisions=0/3=0%
#  recipe to execute (from 'Makefile', line 25):
	sudo dpkg -i *.deb

# files hash-table stats:
# Load=16/1024=2%, Rehash=0, Collisions=3/53=6%
# VPATH Search Paths

# No 'vpath' search paths.

# No general ('VPATH' variable) search path.

# strcache buffers: 1 (0) / strings = 29 / storage = 239 B / avg = 8 B
# current buf: size = 8162 B / used = 239 B / count = 29 / avg = 8 B

# strcache performance: lookups = 62 / hit rate = 53%
# hash-table stats:
# Load=29/8192=0%, Rehash=0, Collisions=0/62=0%
# Finished Make data base on Tue Jan 25 00:04:36 2022

 
